May 20, 2013 6:32:46 AM org.apache.coyote.http11.Http11Protocol init
INFO: Initializing Coyote HTTP/1.1 on http-9080
May 20, 2013 6:32:46 AM org.apache.catalina.startup.Catalina load
INFO: Initialization processed in 532 ms
May 20, 2013 6:32:46 AM org.apache.catalina.core.StandardService start
INFO: Starting service Catalina
May 20, 2013 6:32:46 AM org.apache.catalina.core.StandardEngine start
INFO: Starting Servlet Engine: Apache Tomcat/5.0.25
May 20, 2013 6:32:46 AM org.apache.catalina.core.StandardHost start
INFO: XML validation disabled
May 20, 2013 6:32:46 AM org.apache.catalina.core.StandardHost getDeployer
INFO: Create Host deployer for direct deployment ( non-jmx ) 
May 20, 2013 6:32:46 AM org.apache.catalina.core.StandardHostDeployer install
INFO: Processing Context configuration file URL file:/home/k12cr/jakarta-tomcat-5.0.25/conf/Catalina/localhost/balancer.xml
May 20, 2013 6:32:46 AM org.apache.catalina.core.StandardHostDeployer install
INFO: Processing Context configuration file URL file:/home/k12cr/jakarta-tomcat-5.0.25/conf/Catalina/localhost/admin.xml
May 20, 2013 6:32:46 AM org.apache.struts.util.PropertyMessageResources <init>
INFO: Initializing, config='org.apache.struts.util.LocalStrings', returnNull=true
May 20, 2013 6:32:46 AM org.apache.struts.util.PropertyMessageResources <init>
INFO: Initializing, config='org.apache.struts.action.ActionResources', returnNull=true
May 20, 2013 6:32:47 AM org.apache.struts.util.PropertyMessageResources <init>
INFO: Initializing, config='org.apache.webapp.admin.ApplicationResources', returnNull=true
May 20, 2013 6:32:47 AM org.apache.catalina.core.StandardHostDeployer install
INFO: Processing Context configuration file URL file:/home/k12cr/jakarta-tomcat-5.0.25/conf/Catalina/localhost/manager.xml
May 20, 2013 6:32:47 AM org.apache.catalina.core.StandardHostDeployer install
INFO: Processing Context configuration file URL file:/home/k12cr/jakarta-tomcat-5.0.25/conf/Catalina/localhost/LBCOM.xml
May 20, 2013 6:32:47 AM org.apache.catalina.loader.WebappClassLoader validateJarFile
INFO: validateJarFile(/home/k12cr/jakarta-tomcat-5.0.25/webapps/LBCOM/WEB-INF/lib/servlet-api.jar) - jar not loaded. See Servlet Spec 2.3, section 9.7.2. Offending class: javax/servlet/Servlet.class
May 20, 2013 6:32:47 AM org.apache.catalina.core.StandardHostDeployer install
INFO: Processing Context configuration file URL file:/home/k12cr/jakarta-tomcat-5.0.25/conf/Catalina/localhost/LBCOM_May_18_13.xml
May 20, 2013 6:32:47 AM org.apache.commons.digester.Digester endElement
SEVERE: End event threw exception
java.lang.reflect.InvocationTargetException
	at sun.reflect.NativeMethodAccessorImpl.invoke0(Native Method)
	at sun.reflect.NativeMethodAccessorImpl.invoke(NativeMethodAccessorImpl.java:39)
	at sun.reflect.DelegatingMethodAccessorImpl.invoke(DelegatingMethodAccessorImpl.java:25)
	at java.lang.reflect.Method.invoke(Method.java:324)
	at org.apache.commons.beanutils.MethodUtils.invokeMethod(MethodUtils.java:252)
	at org.apache.commons.digester.SetNextRule.end(SetNextRule.java:256)
	at org.apache.commons.digester.Rule.end(Rule.java:276)
	at org.apache.commons.digester.Digester.endElement(Digester.java:1058)
	at org.apache.catalina.util.CatalinaDigester.endElement(CatalinaDigester.java:76)
	at org.apache.xerces.parsers.AbstractSAXParser.endElement(Unknown Source)
	at org.apache.xerces.impl.XMLDocumentFragmentScannerImpl.scanEndElement(Unknown Source)
	at org.apache.xerces.impl.XMLDocumentFragmentScannerImpl$FragmentContentDispatcher.dispatch(Unknown Source)
	at org.apache.xerces.impl.XMLDocumentFragmentScannerImpl.scanDocument(Unknown Source)
	at org.apache.xerces.parsers.XML11Configuration.parse(Unknown Source)
	at org.apache.xerces.parsers.XML11Configuration.parse(Unknown Source)
	at org.apache.xerces.parsers.XMLParser.parse(Unknown Source)
	at org.apache.xerces.parsers.AbstractSAXParser.parse(Unknown Source)
	at org.apache.commons.digester.Digester.parse(Digester.java:1567)
	at org.apache.catalina.core.StandardHostDeployer.install(StandardHostDeployer.java:488)
	at org.apache.catalina.core.StandardHost.install(StandardHost.java:863)
	at org.apache.catalina.startup.HostConfig.deployDescriptors(HostConfig.java:482)
	at org.apache.catalina.startup.HostConfig.deployApps(HostConfig.java:427)
	at org.apache.catalina.startup.HostConfig.start(HostConfig.java:964)
	at org.apache.catalina.startup.HostConfig.lifecycleEvent(HostConfig.java:349)
	at org.apache.catalina.util.LifecycleSupport.fireLifecycleEvent(LifecycleSupport.java:119)
	at org.apache.catalina.core.ContainerBase.start(ContainerBase.java:1091)
	at org.apache.catalina.core.StandardHost.start(StandardHost.java:789)
	at org.apache.catalina.core.ContainerBase.start(ContainerBase.java:1083)
	at org.apache.catalina.core.StandardEngine.start(StandardEngine.java:478)
	at org.apache.catalina.core.StandardService.start(StandardService.java:476)
	at org.apache.catalina.core.StandardServer.start(StandardServer.java:2298)
	at org.apache.catalina.startup.Catalina.start(Catalina.java:556)
	at sun.reflect.NativeMethodAccessorImpl.invoke0(Native Method)
	at sun.reflect.NativeMethodAccessorImpl.invoke(NativeMethodAccessorImpl.java:39)
	at sun.reflect.DelegatingMethodAccessorImpl.invoke(DelegatingMethodAccessorImpl.java:25)
	at java.lang.reflect.Method.invoke(Method.java:324)
	at org.apache.catalina.startup.Bootstrap.start(Bootstrap.java:284)
	at org.apache.catalina.startup.Bootstrap.main(Bootstrap.java:422)
Caused by: java.lang.IllegalStateException: Context path /LBCOM is already in use
	at org.apache.catalina.core.StandardHostDeployer.addChild(StandardHostDeployer.java:896)
	... 38 more
May 20, 2013 6:32:47 AM org.apache.catalina.startup.HostConfig deployDescriptors
SEVERE: Error deploying configuration descriptor LBCOM_May_18_13.xml
java.io.IOException: java.lang.IllegalStateException: Context path /LBCOM is already in use
	at org.apache.catalina.core.StandardHostDeployer.install(StandardHostDeployer.java:494)
	at org.apache.catalina.core.StandardHost.install(StandardHost.java:863)
	at org.apache.catalina.startup.HostConfig.deployDescriptors(HostConfig.java:482)
	at org.apache.catalina.startup.HostConfig.deployApps(HostConfig.java:427)
	at org.apache.catalina.startup.HostConfig.start(HostConfig.java:964)
	at org.apache.catalina.startup.HostConfig.lifecycleEvent(HostConfig.java:349)
	at org.apache.catalina.util.LifecycleSupport.fireLifecycleEvent(LifecycleSupport.java:119)
	at org.apache.catalina.core.ContainerBase.start(ContainerBase.java:1091)
	at org.apache.catalina.core.StandardHost.start(StandardHost.java:789)
	at org.apache.catalina.core.ContainerBase.start(ContainerBase.java:1083)
	at org.apache.catalina.core.StandardEngine.start(StandardEngine.java:478)
	at org.apache.catalina.core.StandardService.start(StandardService.java:476)
	at org.apache.catalina.core.StandardServer.start(StandardServer.java:2298)
	at org.apache.catalina.startup.Catalina.start(Catalina.java:556)
	at sun.reflect.NativeMethodAccessorImpl.invoke0(Native Method)
	at sun.reflect.NativeMethodAccessorImpl.invoke(NativeMethodAccessorImpl.java:39)
	at sun.reflect.DelegatingMethodAccessorImpl.invoke(DelegatingMethodAccessorImpl.java:25)
	at java.lang.reflect.Method.invoke(Method.java:324)
	at org.apache.catalina.startup.Bootstrap.start(Bootstrap.java:284)
	at org.apache.catalina.startup.Bootstrap.main(Bootstrap.java:422)
May 20, 2013 6:32:47 AM org.apache.catalina.core.StandardHostDeployer install
INFO: Installing web application at context path  from URL file:/home/k12cr/jakarta-tomcat-5.0.25/webapps/ROOT
May 20, 2013 6:32:47 AM org.apache.catalina.core.StandardHostDeployer install
INFO: Installing web application at context path /tomcat-docs from URL file:/home/k12cr/jakarta-tomcat-5.0.25/webapps/tomcat-docs
May 20, 2013 6:32:47 AM org.apache.catalina.core.StandardHostDeployer install
INFO: Installing web application at context path /webdav from URL file:/home/k12cr/jakarta-tomcat-5.0.25/webapps/webdav
May 20, 2013 6:32:47 AM org.apache.catalina.core.StandardHostDeployer install
INFO: Installing web application at context path /servlets-examples from URL file:/home/k12cr/jakarta-tomcat-5.0.25/webapps/servlets-examples
May 20, 2013 6:32:47 AM org.apache.catalina.core.StandardHostDeployer install
INFO: Installing web application at context path /jsp-examples from URL file:/home/k12cr/jakarta-tomcat-5.0.25/webapps/jsp-examples
May 20, 2013 6:32:48 AM org.apache.coyote.http11.Http11Protocol start
INFO: Starting Coyote HTTP/1.1 on http-9080
May 20, 2013 6:32:48 AM org.apache.jk.common.ChannelSocket init
INFO: Port busy 8009 java.net.BindException: Address already in use
May 20, 2013 6:32:48 AM org.apache.jk.common.ChannelSocket init
INFO: JK2: ajp13 listening on /0.0.0.0:8010
May 20, 2013 6:32:48 AM org.apache.jk.server.JkMain start
INFO: Jk running ID=1 time=0/14  config=/home/k12cr/jakarta-tomcat-5.0.25/conf/jk2.properties
May 20, 2013 6:32:48 AM org.apache.catalina.startup.Catalina start
INFO: Server startup in 1698 ms
AbandonedObjectPool is used (org.apache.commons.dbcp.AbandonedObjectPool@4977e2)
   LogAbandoned: false
   RemoveAbandoned: true
   RemoveAbandonedTimeout: 60
